Analysis & Synthesis report for MIPS_QuartusPrimeProject
Fri Nov 24 20:45:56 2017
Quartus Prime Version 17.0.0 Build 595 04/25/2017 SJ Lite Edition


---------------------
; Table of Contents ;
---------------------
  1. Legal Notice
  2. Analysis & Synthesis Summary
  3. Analysis & Synthesis Settings
  4. Parallel Compilation
  5. Analysis & Synthesis Source Files Read
  6. Analysis & Synthesis Resource Usage Summary
  7. Analysis & Synthesis Resource Utilization by Entity
  8. Registers Removed During Synthesis
  9. Removed Registers Triggering Further Register Optimizations
 10. General Register Statistics
 11. Multiplexer Restructuring Statistics (Restructuring Performed)
 12. Parameter Settings for User Entity Instance: FluxoDeDados:FD|registrador:PC
 13. Parameter Settings for User Entity Instance: FluxoDeDados:FD|mux5:muxRt_Rd
 14. Parameter Settings for User Entity Instance: FluxoDeDados:FD|mux32:muxAntesULA
 15. Parameter Settings for User Entity Instance: FluxoDeDados:FD|ULA:ALU|inversor32:Anot
 16. Parameter Settings for User Entity Instance: FluxoDeDados:FD|ULA:ALU|inversor32:Bnot
 17. Parameter Settings for User Entity Instance: FluxoDeDados:FD|ULA:ALU|mux32:muxA
 18. Parameter Settings for User Entity Instance: FluxoDeDados:FD|ULA:ALU|mux32:muxB
 19. Parameter Settings for User Entity Instance: FluxoDeDados:FD|ULA:ALU|and32:andop
 20. Parameter Settings for User Entity Instance: FluxoDeDados:FD|ULA:ALU|or32:orop
 21. Parameter Settings for User Entity Instance: FluxoDeDados:FD|ULA:ALU|overflow:overf
 22. Parameter Settings for User Entity Instance: FluxoDeDados:FD|ULA:ALU|mux32_4:opmux
 23. Parameter Settings for User Entity Instance: FluxoDeDados:FD|mux32:muxDepoisULA
 24. Parameter Settings for User Entity Instance: FluxoDeDados:FD|add32:add4toPC
 25. Parameter Settings for User Entity Instance: FluxoDeDados:FD|shifter2_32to32:shifter32to32
 26. Parameter Settings for User Entity Instance: FluxoDeDados:FD|add32:AddPC4andExtSin
 27. Parameter Settings for User Entity Instance: FluxoDeDados:FD|mux32:MuxBEQ
 28. Parameter Settings for User Entity Instance: FluxoDeDados:FD|mux32:MuxProxPC
 29. Parameter Settings for User Entity Instance: registrador:registradosDisplay
 30. Port Connectivity Checks: "conversorHex7Seg:display7"
 31. Port Connectivity Checks: "conversorHex7Seg:display6"
 32. Port Connectivity Checks: "conversorHex7Seg:display5"
 33. Port Connectivity Checks: "conversorHex7Seg:display4"
 34. Port Connectivity Checks: "conversorHex7Seg:display3"
 35. Port Connectivity Checks: "conversorHex7Seg:display2"
 36. Port Connectivity Checks: "conversorHex7Seg:display1"
 37. Port Connectivity Checks: "conversorHex7Seg:display0"
 38. Port Connectivity Checks: "registrador:registradosDisplay"
 39. Port Connectivity Checks: "FluxoDeDados:FD|add32:add4toPC"
 40. Port Connectivity Checks: "FluxoDeDados:FD|ULA:ALU|mux32_4:opmux"
 41. Port Connectivity Checks: "FluxoDeDados:FD|registrador:PC"
 42. Port Connectivity Checks: "FluxoDeDados:FD"
 43. Port Connectivity Checks: "debounce:BTN_CLK"
 44. Port Connectivity Checks: "debounce:BTN_RST"
 45. Post-Synthesis Netlist Statistics for Top Partition
 46. Elapsed Time Per Partition
 47. Analysis & Synthesis Messages



----------------
; Legal Notice ;
----------------
Copyright (C) 2017  Intel Corporation. All rights reserved.
Your use of Intel Corporation's design tools, logic functions 
and other software and tools, and its AMPP partner logic 
functions, and any output files from any of the foregoing 
(including device programming or simulation files), and any 
associated documentation or information are expressly subject 
to the terms and conditions of the Intel Program License 
Subscription Agreement, the Intel Quartus Prime License Agreement,
the Intel MegaCore Function License Agreement, or other 
applicable license agreement, including, without limitation, 
that your use is for the sole purpose of programming logic 
devices manufactured by Intel and sold by Intel or its 
authorized distributors.  Please refer to the applicable 
agreement for further details.



+----------------------------------------------------------------------------------+
; Analysis & Synthesis Summary                                                     ;
+------------------------------------+---------------------------------------------+
; Analysis & Synthesis Status        ; Successful - Fri Nov 24 20:45:56 2017       ;
; Quartus Prime Version              ; 17.0.0 Build 595 04/25/2017 SJ Lite Edition ;
; Revision Name                      ; MIPS_QuartusPrimeProject                    ;
; Top-level Entity Name              ; MIPS                                        ;
; Family                             ; Cyclone IV E                                ;
; Total logic elements               ; 4,292                                       ;
;     Total combinational functions  ; 2,304                                       ;
;     Dedicated logic registers      ; 2,132                                       ;
; Total registers                    ; 2132                                        ;
; Total pins                         ; 194                                         ;
; Total virtual pins                 ; 0                                           ;
; Total memory bits                  ; 0                                           ;
; Embedded Multiplier 9-bit elements ; 0                                           ;
; Total PLLs                         ; 0                                           ;
+------------------------------------+---------------------------------------------+


+----------------------------------------------------------------------------------------------------------------------------+
; Analysis & Synthesis Settings                                                                                              ;
+----------------------------------------------------------------------------+--------------------+--------------------------+
; Option                                                                     ; Setting            ; Default Value            ;
+----------------------------------------------------------------------------+--------------------+--------------------------+
; Device                                                                     ; EP4CE115F29C7      ;                          ;
; Top-level entity name                                                      ; MIPS               ; MIPS_QuartusPrimeProject ;
; Family name                                                                ; Cyclone IV E       ; Cyclone V                ;
; Use smart compilation                                                      ; Off                ; Off                      ;
; Enable parallel Assembler and TimeQuest Timing Analyzer during compilation ; On                 ; On                       ;
; Enable compact report table                                                ; Off                ; Off                      ;
; Restructure Multiplexers                                                   ; Auto               ; Auto                     ;
; Create Debugging Nodes for IP Cores                                        ; Off                ; Off                      ;
; Preserve fewer node names                                                  ; On                 ; On                       ;
; OpenCore Plus hardware evaluation                                          ; Enable             ; Enable                   ;
; Verilog Version                                                            ; Verilog_2001       ; Verilog_2001             ;
; VHDL Version                                                               ; VHDL_1993          ; VHDL_1993                ;
; State Machine Processing                                                   ; Auto               ; Auto                     ;
; Safe State Machine                                                         ; Off                ; Off                      ;
; Extract Verilog State Machines                                             ; On                 ; On                       ;
; Extract VHDL State Machines                                                ; On                 ; On                       ;
; Ignore Verilog initial constructs                                          ; Off                ; Off                      ;
; Iteration limit for constant Verilog loops                                 ; 5000               ; 5000                     ;
; Iteration limit for non-constant Verilog loops                             ; 250                ; 250                      ;
; Add Pass-Through Logic to Inferred RAMs                                    ; On                 ; On                       ;
; Infer RAMs from Raw Logic                                                  ; On                 ; On                       ;
; Parallel Synthesis                                                         ; On                 ; On                       ;
; DSP Block Balancing                                                        ; Auto               ; Auto                     ;
; NOT Gate Push-Back                                                         ; On                 ; On                       ;
; Power-Up Don't Care                                                        ; On                 ; On                       ;
; Remove Redundant Logic Cells                                               ; Off                ; Off                      ;
; Remove Duplicate Registers                                                 ; On                 ; On                       ;
; Ignore CARRY Buffers                                                       ; Off                ; Off                      ;
; Ignore CASCADE Buffers                                                     ; Off                ; Off                      ;
; Ignore GLOBAL Buffers                                                      ; Off                ; Off                      ;
; Ignore ROW GLOBAL Buffers                                                  ; Off                ; Off                      ;
; Ignore LCELL Buffers                                                       ; Off                ; Off                      ;
; Ignore SOFT Buffers                                                        ; On                 ; On                       ;
; Limit AHDL Integers to 32 Bits                                             ; Off                ; Off                      ;
; Optimization Technique                                                     ; Balanced           ; Balanced                 ;
; Carry Chain Length                                                         ; 70                 ; 70                       ;
; Auto Carry Chains                                                          ; On                 ; On                       ;
; Auto Open-Drain Pins                                                       ; On                 ; On                       ;
; Perform WYSIWYG Primitive Resynthesis                                      ; Off                ; Off                      ;
; Auto ROM Replacement                                                       ; On                 ; On                       ;
; Auto RAM Replacement                                                       ; On                 ; On                       ;
; Auto DSP Block Replacement                                                 ; On                 ; On                       ;
; Auto Shift Register Replacement                                            ; Auto               ; Auto                     ;
; Allow Shift Register Merging across Hierarchies                            ; Auto               ; Auto                     ;
; Auto Clock Enable Replacement                                              ; On                 ; On                       ;
; Strict RAM Replacement                                                     ; Off                ; Off                      ;
; Allow Synchronous Control Signals                                          ; On                 ; On                       ;
; Force Use of Synchronous Clear Signals                                     ; Off                ; Off                      ;
; Auto RAM Block Balancing                                                   ; On                 ; On                       ;
; Auto RAM to Logic Cell Conversion                                          ; Off                ; Off                      ;
; Auto Resource Sharing                                                      ; Off                ; Off                      ;
; Allow Any RAM Size For Recognition                                         ; Off                ; Off                      ;
; Allow Any ROM Size For Recognition                                         ; Off                ; Off                      ;
; Allow Any Shift Register Size For Recognition                              ; Off                ; Off                      ;
; Use LogicLock Constraints during Resource Balancing                        ; On                 ; On                       ;
; Ignore translate_off and synthesis_off directives                          ; Off                ; Off                      ;
; Timing-Driven Synthesis                                                    ; On                 ; On                       ;
; Report Parameter Settings                                                  ; On                 ; On                       ;
; Report Source Assignments                                                  ; On                 ; On                       ;
; Report Connectivity Checks                                                 ; On                 ; On                       ;
; Ignore Maximum Fan-Out Assignments                                         ; Off                ; Off                      ;
; Synchronization Register Chain Length                                      ; 2                  ; 2                        ;
; PowerPlay Power Optimization During Synthesis                              ; Normal compilation ; Normal compilation       ;
; HDL message level                                                          ; Level2             ; Level2                   ;
; Suppress Register Optimization Related Messages                            ; Off                ; Off                      ;
; Number of Removed Registers Reported in Synthesis Report                   ; 5000               ; 5000                     ;
; Number of Swept Nodes Reported in Synthesis Report                         ; 5000               ; 5000                     ;
; Number of Inverted Registers Reported in Synthesis Report                  ; 100                ; 100                      ;
; Clock MUX Protection                                                       ; On                 ; On                       ;
; Auto Gated Clock Conversion                                                ; Off                ; Off                      ;
; Block Design Naming                                                        ; Auto               ; Auto                     ;
; SDC constraint protection                                                  ; Off                ; Off                      ;
; Synthesis Effort                                                           ; Auto               ; Auto                     ;
; Shift Register Replacement - Allow Asynchronous Clear Signal               ; On                 ; On                       ;
; Pre-Mapping Resynthesis Optimization                                       ; Off                ; Off                      ;
; Analysis & Synthesis Message Level                                         ; Medium             ; Medium                   ;
; Disable Register Merging Across Hierarchies                                ; Auto               ; Auto                     ;
; Resource Aware Inference For Block RAM                                     ; On                 ; On                       ;
+----------------------------------------------------------------------------+--------------------+--------------------------+


+------------------------------------------+
; Parallel Compilation                     ;
+----------------------------+-------------+
; Processors                 ; Number      ;
+----------------------------+-------------+
; Number detected on machine ; 7           ;
; Maximum allowed            ; 7           ;
;                            ;             ;
; Average used               ; 1.00        ;
; Maximum used               ; 7           ;
;                            ;             ;
; Usage by Processor         ; % Time Used ;
;     Processor 1            ; 100.0%      ;
;     Processor 2            ;   0.1%      ;
;     Processor 3            ;   0.1%      ;
;     Processor 4            ;   0.1%      ;
;     Processor 5            ;   0.1%      ;
;     Processor 6            ;   0.1%      ;
;     Processor 7            ;   0.1%      ;
+----------------------------+-------------+


+---------------------------------------------------------------------------------------------------------------------------------------+
; Analysis & Synthesis Source Files Read                                                                                                ;
+----------------------------------+-----------------+-----------------+------------------------------------------------------+---------+
; File Name with User-Entered Path ; Used in Netlist ; File Type       ; File Name with Absolute Path                         ; Library ;
+----------------------------------+-----------------+-----------------+------------------------------------------------------+---------+
; registrador32.vhd                ; yes             ; User VHDL File  ; /home/parallels/Documents/MIPS/registrador32.vhd     ;         ;
; mux32.vhd                        ; yes             ; User VHDL File  ; /home/parallels/Documents/MIPS/mux32.vhd             ;         ;
; mux5.vhd                         ; yes             ; User VHDL File  ; /home/parallels/Documents/MIPS/mux5.vhd              ;         ;
; add32.vhd                        ; yes             ; User VHDL File  ; /home/parallels/Documents/MIPS/add32.vhd             ;         ;
; ext16to32.vhd                    ; yes             ; User VHDL File  ; /home/parallels/Documents/MIPS/ext16to32.vhd         ;         ;
; shifter2_32to32.vhd              ; yes             ; User VHDL File  ; /home/parallels/Documents/MIPS/shifter2_32to32.vhd   ;         ;
; shifter2_26to32.vhd              ; yes             ; User VHDL File  ; /home/parallels/Documents/MIPS/shifter2_26to32.vhd   ;         ;
; registerBank32.vhd               ; yes             ; User VHDL File  ; /home/parallels/Documents/MIPS/registerBank32.vhd    ;         ;
; nor32.vhd                        ; yes             ; User VHDL File  ; /home/parallels/Documents/MIPS/nor32.vhd             ;         ;
; and32.vhd                        ; yes             ; User VHDL File  ; /home/parallels/Documents/MIPS/and32.vhd             ;         ;
; or32.vhd                         ; yes             ; User VHDL File  ; /home/parallels/Documents/MIPS/or32.vhd              ;         ;
; mux32_4.vhd                      ; yes             ; User VHDL File  ; /home/parallels/Documents/MIPS/mux32_4.vhd           ;         ;
; overflow.vhd                     ; yes             ; User VHDL File  ; /home/parallels/Documents/MIPS/overflow.vhd          ;         ;
; ULA.vhd                          ; yes             ; User VHDL File  ; /home/parallels/Documents/MIPS/ULA.vhd               ;         ;
; andoverf.vhd                     ; yes             ; User VHDL File  ; /home/parallels/Documents/MIPS/andoverf.vhd          ;         ;
; ALUControl.vhd                   ; yes             ; User VHDL File  ; /home/parallels/Documents/MIPS/ALUControl.vhd        ;         ;
; instructionMemory.vhd            ; yes             ; User VHDL File  ; /home/parallels/Documents/MIPS/instructionMemory.vhd ;         ;
; dataMemory.vhd                   ; yes             ; User VHDL File  ; /home/parallels/Documents/MIPS/dataMemory.vhd        ;         ;
; FluxoDeDados.vhd                 ; yes             ; User VHDL File  ; /home/parallels/Documents/MIPS/FluxoDeDados.vhd      ;         ;
; inversor32.vhd                   ; yes             ; User VHDL File  ; /home/parallels/Documents/MIPS/inversor32.vhd        ;         ;
; UnidadeDeControle.vhd            ; yes             ; User VHDL File  ; /home/parallels/Documents/MIPS/UnidadeDeControle.vhd ;         ;
; xor32.vhd                        ; yes             ; User VHDL File  ; /home/parallels/Documents/MIPS/xor32.vhd             ;         ;
; debounce.vhd                     ; yes             ; User VHDL File  ; /home/parallels/Documents/MIPS/debounce.vhd          ;         ;
; conversorHex7Seg.vhd             ; yes             ; User VHDL File  ; /home/parallels/Documents/MIPS/conversorHex7Seg.vhd  ;         ;
; MIPS.vhd                         ; yes             ; User VHDL File  ; /home/parallels/Documents/MIPS/MIPS.vhd              ;         ;
+----------------------------------+-----------------+-----------------+------------------------------------------------------+---------+


+--------------------------------------------------------------------------+
; Analysis & Synthesis Resource Usage Summary                              ;
+---------------------------------------------+----------------------------+
; Resource                                    ; Usage                      ;
+---------------------------------------------+----------------------------+
; Estimated Total logic elements              ; 4,292                      ;
;                                             ;                            ;
; Total combinational functions               ; 2304                       ;
; Logic element usage by number of LUT inputs ;                            ;
;     -- 4 input functions                    ; 1976                       ;
;     -- 3 input functions                    ; 126                        ;
;     -- <=2 input functions                  ; 202                        ;
;                                             ;                            ;
; Logic elements by mode                      ;                            ;
;     -- normal mode                          ; 2182                       ;
;     -- arithmetic mode                      ; 122                        ;
;                                             ;                            ;
; Total registers                             ; 2132                       ;
;     -- Dedicated logic registers            ; 2132                       ;
;     -- I/O registers                        ; 0                          ;
;                                             ;                            ;
; I/O pins                                    ; 194                        ;
;                                             ;                            ;
; Embedded Multiplier 9-bit elements          ; 0                          ;
;                                             ;                            ;
; Maximum fan-out node                        ; debounce:BTN_CLK|output[0] ;
; Maximum fan-out                             ; 2079                       ;
; Total fan-out                               ; 15434                      ;
; Average fan-out                             ; 3.20                       ;
+---------------------------------------------+----------------------------+


+------------------------------------------------------------------------------------------------------------------------------------------------------------------------------------------------------------------------------------------------------+
; Analysis & Synthesis Resource Utilization by Entity                                                                                                                                                                                                  ;
+-------------------------------------+---------------------+---------------------------+-------------+--------------+---------+-----------+------+--------------+--------------------------------------------------+-------------------+--------------+
; Compilation Hierarchy Node          ; Combinational ALUTs ; Dedicated Logic Registers ; Memory Bits ; DSP Elements ; DSP 9x9 ; DSP 18x18 ; Pins ; Virtual Pins ; Full Hierarchy Name                              ; Entity Name       ; Library Name ;
+-------------------------------------+---------------------+---------------------------+-------------+--------------+---------+-----------+------+--------------+--------------------------------------------------+-------------------+--------------+
; |MIPS                               ; 2304 (0)            ; 2132 (0)                  ; 0           ; 0            ; 0       ; 0         ; 194  ; 0            ; |MIPS                                            ; MIPS              ; work         ;
;    |FluxoDeDados:FD|                ; 2108 (1)            ; 2054 (0)                  ; 0           ; 0            ; 0       ; 0         ; 0    ; 0            ; |MIPS|FluxoDeDados:FD                            ; FluxoDeDados      ; work         ;
;       |ALUControl:UC_ULA|           ; 6 (6)               ; 0 (0)                     ; 0           ; 0            ; 0       ; 0         ; 0    ; 0            ; |MIPS|FluxoDeDados:FD|ALUControl:UC_ULA          ; ALUControl        ; work         ;
;       |InstructionMemory:Mem_Inst|  ; 45 (45)             ; 0 (0)                     ; 0           ; 0            ; 0       ; 0         ; 0    ; 0            ; |MIPS|FluxoDeDados:FD|InstructionMemory:Mem_Inst ; InstructionMemory ; work         ;
;       |ULA:ALU|                     ; 129 (33)            ; 0 (0)                     ; 0           ; 0            ; 0       ; 0         ; 0    ; 0            ; |MIPS|FluxoDeDados:FD|ULA:ALU                    ; ULA               ; work         ;
;          |inversor32:Bnot|          ; 33 (33)             ; 0 (0)                     ; 0           ; 0            ; 0       ; 0         ; 0    ; 0            ; |MIPS|FluxoDeDados:FD|ULA:ALU|inversor32:Bnot    ; inversor32        ; work         ;
;          |mux32_4:opmux|            ; 63 (63)             ; 0 (0)                     ; 0           ; 0            ; 0       ; 0         ; 0    ; 0            ; |MIPS|FluxoDeDados:FD|ULA:ALU|mux32_4:opmux      ; mux32_4           ; work         ;
;       |add32:AddPC4andExtSin|       ; 6 (6)               ; 0 (0)                     ; 0           ; 0            ; 0       ; 0         ; 0    ; 0            ; |MIPS|FluxoDeDados:FD|add32:AddPC4andExtSin      ; add32             ; work         ;
;       |add32:add4toPC|              ; 6 (6)               ; 0 (0)                     ; 0           ; 0            ; 0       ; 0         ; 0    ; 0            ; |MIPS|FluxoDeDados:FD|add32:add4toPC             ; add32             ; work         ;
;       |memory:Mem_dados|            ; 710 (710)           ; 1024 (1024)               ; 0           ; 0            ; 0       ; 0         ; 0    ; 0            ; |MIPS|FluxoDeDados:FD|memory:Mem_dados           ; memory            ; work         ;
;       |mux32:muxAntesULA|           ; 37 (37)             ; 0 (0)                     ; 0           ; 0            ; 0       ; 0         ; 0    ; 0            ; |MIPS|FluxoDeDados:FD|mux32:muxAntesULA          ; mux32             ; work         ;
;       |mux32:muxDepoisULA|          ; 65 (65)             ; 0 (0)                     ; 0           ; 0            ; 0       ; 0         ; 0    ; 0            ; |MIPS|FluxoDeDados:FD|mux32:muxDepoisULA         ; mux32             ; work         ;
;       |mux5:muxRt_Rd|               ; 4 (4)               ; 0 (0)                     ; 0           ; 0            ; 0       ; 0         ; 0    ; 0            ; |MIPS|FluxoDeDados:FD|mux5:muxRt_Rd              ; mux5              ; work         ;
;       |registerBank32:Banco_Regis|  ; 1074 (1074)         ; 1024 (1024)               ; 0           ; 0            ; 0       ; 0         ; 0    ; 0            ; |MIPS|FluxoDeDados:FD|registerBank32:Banco_Regis ; registerBank32    ; work         ;
;       |registrador:PC|              ; 12 (12)             ; 6 (6)                     ; 0           ; 0            ; 0       ; 0         ; 0    ; 0            ; |MIPS|FluxoDeDados:FD|registrador:PC             ; registrador       ; work         ;
;       |xor32:comparadorDisplay|     ; 13 (13)             ; 0 (0)                     ; 0           ; 0            ; 0       ; 0         ; 0    ; 0            ; |MIPS|FluxoDeDados:FD|xor32:comparadorDisplay    ; xor32             ; work         ;
;    |UnidadeDeControle:UC|           ; 7 (7)               ; 0 (0)                     ; 0           ; 0            ; 0       ; 0         ; 0    ; 0            ; |MIPS|UnidadeDeControle:UC                       ; UnidadeDeControle ; work         ;
;    |conversorHex7Seg:display0|      ; 14 (14)             ; 0 (0)                     ; 0           ; 0            ; 0       ; 0         ; 0    ; 0            ; |MIPS|conversorHex7Seg:display0                  ; conversorHex7Seg  ; work         ;
;    |conversorHex7Seg:display1|      ; 14 (14)             ; 0 (0)                     ; 0           ; 0            ; 0       ; 0         ; 0    ; 0            ; |MIPS|conversorHex7Seg:display1                  ; conversorHex7Seg  ; work         ;
;    |conversorHex7Seg:display2|      ; 14 (14)             ; 0 (0)                     ; 0           ; 0            ; 0       ; 0         ; 0    ; 0            ; |MIPS|conversorHex7Seg:display2                  ; conversorHex7Seg  ; work         ;
;    |conversorHex7Seg:display3|      ; 14 (14)             ; 0 (0)                     ; 0           ; 0            ; 0       ; 0         ; 0    ; 0            ; |MIPS|conversorHex7Seg:display3                  ; conversorHex7Seg  ; work         ;
;    |conversorHex7Seg:display4|      ; 14 (14)             ; 0 (0)                     ; 0           ; 0            ; 0       ; 0         ; 0    ; 0            ; |MIPS|conversorHex7Seg:display4                  ; conversorHex7Seg  ; work         ;
;    |conversorHex7Seg:display5|      ; 14 (14)             ; 0 (0)                     ; 0           ; 0            ; 0       ; 0         ; 0    ; 0            ; |MIPS|conversorHex7Seg:display5                  ; conversorHex7Seg  ; work         ;
;    |conversorHex7Seg:display6|      ; 2 (2)               ; 0 (0)                     ; 0           ; 0            ; 0       ; 0         ; 0    ; 0            ; |MIPS|conversorHex7Seg:display6                  ; conversorHex7Seg  ; work         ;
;    |conversorHex7Seg:display7|      ; 7 (7)               ; 0 (0)                     ; 0           ; 0            ; 0       ; 0         ; 0    ; 0            ; |MIPS|conversorHex7Seg:display7                  ; conversorHex7Seg  ; work         ;
;    |debounce:BTN_CLK|               ; 49 (49)             ; 27 (27)                   ; 0           ; 0            ; 0       ; 0         ; 0    ; 0            ; |MIPS|debounce:BTN_CLK                           ; debounce          ; work         ;
;    |debounce:BTN_RST|               ; 47 (47)             ; 27 (27)                   ; 0           ; 0            ; 0       ; 0         ; 0    ; 0            ; |MIPS|debounce:BTN_RST                           ; debounce          ; work         ;
;    |registrador:registradosDisplay| ; 0 (0)               ; 24 (24)                   ; 0           ; 0            ; 0       ; 0         ; 0    ; 0            ; |MIPS|registrador:registradosDisplay             ; registrador       ; work         ;
+-------------------------------------+---------------------+---------------------------+-------------+--------------+---------+-----------+------+--------------+--------------------------------------------------+-------------------+--------------+
Note: For table entries with two numbers listed, the numbers in parentheses indicate the number of resources of the given type used by the specific entity alone. The numbers listed outside of parentheses indicate the total resources of the given type used by the specific entity and all of its sub-entities in the hierarchy.


+-------------------------------------------------------------------------------------------------+
; Registers Removed During Synthesis                                                              ;
+--------------------------------------------+----------------------------------------------------+
; Register name                              ; Reason for Removal                                 ;
+--------------------------------------------+----------------------------------------------------+
; FluxoDeDados:FD|registrador:PC|DOUT[0]     ; Merged with FluxoDeDados:FD|registrador:PC|DOUT[1] ;
; FluxoDeDados:FD|registrador:PC|DOUT[1]     ; Stuck at GND due to stuck port data_in             ;
; FluxoDeDados:FD|registrador:PC|DOUT[8..31] ; Lost fanout                                        ;
; Total Number of Removed Registers = 26     ;                                                    ;
+--------------------------------------------+----------------------------------------------------+


+-------------------------------------------------------------------------------------------------------------------------------------------------------+
; Removed Registers Triggering Further Register Optimizations                                                                                           ;
+----------------------------------------+---------------------------+----------------------------------------------------------------------------------+
; Register name                          ; Reason for Removal        ; Registers Removed due to This Register                                           ;
+----------------------------------------+---------------------------+----------------------------------------------------------------------------------+
; FluxoDeDados:FD|registrador:PC|DOUT[1] ; Stuck at GND              ; FluxoDeDados:FD|registrador:PC|DOUT[24], FluxoDeDados:FD|registrador:PC|DOUT[25] ;
;                                        ; due to stuck port data_in ;                                                                                  ;
+----------------------------------------+---------------------------+----------------------------------------------------------------------------------+


+------------------------------------------------------+
; General Register Statistics                          ;
+----------------------------------------------+-------+
; Statistic                                    ; Value ;
+----------------------------------------------+-------+
; Total registers                              ; 2132  ;
; Number of registers using Synchronous Clear  ; 0     ;
; Number of registers using Synchronous Load   ; 6     ;
; Number of registers using Asynchronous Clear ; 58    ;
; Number of registers using Asynchronous Load  ; 0     ;
; Number of registers using Clock Enable       ; 2074  ;
; Number of registers using Preset             ; 0     ;
+----------------------------------------------+-------+


+-----------------------------------------------------------------------------------------------------------------------------------------------------------------+
; Multiplexer Restructuring Statistics (Restructuring Performed)                                                                                                  ;
+--------------------+-----------+---------------+----------------------+------------------------+------------+---------------------------------------------------+
; Multiplexer Inputs ; Bus Width ; Baseline Area ; Area if Restructured ; Saving if Restructured ; Registered ; Example Multiplexer Output                        ;
+--------------------+-----------+---------------+----------------------+------------------------+------------+---------------------------------------------------+
; 3:1                ; 6 bits    ; 12 LEs        ; 12 LEs               ; 0 LEs                  ; Yes        ; |MIPS|FluxoDeDados:FD|registrador:PC|DOUT[10]     ;
; 3:1                ; 20 bits   ; 40 LEs        ; 40 LEs               ; 0 LEs                  ; Yes        ; |MIPS|FluxoDeDados:FD|registrador:PC|DOUT[3]      ;
; 3:1                ; 2 bits    ; 4 LEs         ; 4 LEs                ; 0 LEs                  ; No         ; |MIPS|UnidadeDeControle:UC|Controle[2]            ;
; 4:1                ; 31 bits   ; 62 LEs        ; 62 LEs               ; 0 LEs                  ; No         ; |MIPS|FluxoDeDados:FD|ULA:ALU|mux32_4:opmux|X[29] ;
+--------------------+-----------+---------------+----------------------+------------------------+------------+---------------------------------------------------+


+-----------------------------------------------------------------------------+
; Parameter Settings for User Entity Instance: FluxoDeDados:FD|registrador:PC ;
+----------------+-------+----------------------------------------------------+
; Parameter Name ; Value ; Type                                               ;
+----------------+-------+----------------------------------------------------+
; larguradados   ; 32    ; Signed Integer                                     ;
+----------------+-------+----------------------------------------------------+
Note: In order to hide this table in the UI and the text report file, please set the "Show Parameter Settings in Synthesis Report" option in "Analysis and Synthesis Settings -> More Settings" to "Off".


+----------------------------------------------------------------------------+
; Parameter Settings for User Entity Instance: FluxoDeDados:FD|mux5:muxRt_Rd ;
+----------------+-------+---------------------------------------------------+
; Parameter Name ; Value ; Type                                              ;
+----------------+-------+---------------------------------------------------+
; larguradados   ; 5     ; Signed Integer                                    ;
+----------------+-------+---------------------------------------------------+
Note: In order to hide this table in the UI and the text report file, please set the "Show Parameter Settings in Synthesis Report" option in "Analysis and Synthesis Settings -> More Settings" to "Off".


+--------------------------------------------------------------------------------+
; Parameter Settings for User Entity Instance: FluxoDeDados:FD|mux32:muxAntesULA ;
+----------------+-------+-------------------------------------------------------+
; Parameter Name ; Value ; Type                                                  ;
+----------------+-------+-------------------------------------------------------+
; larguradados   ; 32    ; Signed Integer                                        ;
+----------------+-------+-------------------------------------------------------+
Note: In order to hide this table in the UI and the text report file, please set the "Show Parameter Settings in Synthesis Report" option in "Analysis and Synthesis Settings -> More Settings" to "Off".


+--------------------------------------------------------------------------------------+
; Parameter Settings for User Entity Instance: FluxoDeDados:FD|ULA:ALU|inversor32:Anot ;
+----------------+-------+-------------------------------------------------------------+
; Parameter Name ; Value ; Type                                                        ;
+----------------+-------+-------------------------------------------------------------+
; larguradados   ; 32    ; Signed Integer                                              ;
+----------------+-------+-------------------------------------------------------------+
Note: In order to hide this table in the UI and the text report file, please set the "Show Parameter Settings in Synthesis Report" option in "Analysis and Synthesis Settings -> More Settings" to "Off".


+--------------------------------------------------------------------------------------+
; Parameter Settings for User Entity Instance: FluxoDeDados:FD|ULA:ALU|inversor32:Bnot ;
+----------------+-------+-------------------------------------------------------------+
; Parameter Name ; Value ; Type                                                        ;
+----------------+-------+-------------------------------------------------------------+
; larguradados   ; 32    ; Signed Integer                                              ;
+----------------+-------+-------------------------------------------------------------+
Note: In order to hide this table in the UI and the text report file, please set the "Show Parameter Settings in Synthesis Report" option in "Analysis and Synthesis Settings -> More Settings" to "Off".


+---------------------------------------------------------------------------------+
; Parameter Settings for User Entity Instance: FluxoDeDados:FD|ULA:ALU|mux32:muxA ;
+----------------+-------+--------------------------------------------------------+
; Parameter Name ; Value ; Type                                                   ;
+----------------+-------+--------------------------------------------------------+
; larguradados   ; 32    ; Signed Integer                                         ;
+----------------+-------+--------------------------------------------------------+
Note: In order to hide this table in the UI and the text report file, please set the "Show Parameter Settings in Synthesis Report" option in "Analysis and Synthesis Settings -> More Settings" to "Off".


+---------------------------------------------------------------------------------+
; Parameter Settings for User Entity Instance: FluxoDeDados:FD|ULA:ALU|mux32:muxB ;
+----------------+-------+--------------------------------------------------------+
; Parameter Name ; Value ; Type                                                   ;
+----------------+-------+--------------------------------------------------------+
; larguradados   ; 32    ; Signed Integer                                         ;
+----------------+-------+--------------------------------------------------------+
Note: In order to hide this table in the UI and the text report file, please set the "Show Parameter Settings in Synthesis Report" option in "Analysis and Synthesis Settings -> More Settings" to "Off".


+----------------------------------------------------------------------------------+
; Parameter Settings for User Entity Instance: FluxoDeDados:FD|ULA:ALU|and32:andop ;
+----------------+-------+---------------------------------------------------------+
; Parameter Name ; Value ; Type                                                    ;
+----------------+-------+---------------------------------------------------------+
; larguradados   ; 32    ; Signed Integer                                          ;
+----------------+-------+---------------------------------------------------------+
Note: In order to hide this table in the UI and the text report file, please set the "Show Parameter Settings in Synthesis Report" option in "Analysis and Synthesis Settings -> More Settings" to "Off".


+--------------------------------------------------------------------------------+
; Parameter Settings for User Entity Instance: FluxoDeDados:FD|ULA:ALU|or32:orop ;
+----------------+-------+-------------------------------------------------------+
; Parameter Name ; Value ; Type                                                  ;
+----------------+-------+-------------------------------------------------------+
; larguradados   ; 32    ; Signed Integer                                        ;
+----------------+-------+-------------------------------------------------------+
Note: In order to hide this table in the UI and the text report file, please set the "Show Parameter Settings in Synthesis Report" option in "Analysis and Synthesis Settings -> More Settings" to "Off".


+-------------------------------------------------------------------------------------+
; Parameter Settings for User Entity Instance: FluxoDeDados:FD|ULA:ALU|overflow:overf ;
+----------------+-------+------------------------------------------------------------+
; Parameter Name ; Value ; Type                                                       ;
+----------------+-------+------------------------------------------------------------+
; larguradados   ; 32    ; Signed Integer                                             ;
+----------------+-------+------------------------------------------------------------+
Note: In order to hide this table in the UI and the text report file, please set the "Show Parameter Settings in Synthesis Report" option in "Analysis and Synthesis Settings -> More Settings" to "Off".


+------------------------------------------------------------------------------------+
; Parameter Settings for User Entity Instance: FluxoDeDados:FD|ULA:ALU|mux32_4:opmux ;
+----------------+-------+-----------------------------------------------------------+
; Parameter Name ; Value ; Type                                                      ;
+----------------+-------+-----------------------------------------------------------+
; larguradados   ; 32    ; Signed Integer                                            ;
+----------------+-------+-----------------------------------------------------------+
Note: In order to hide this table in the UI and the text report file, please set the "Show Parameter Settings in Synthesis Report" option in "Analysis and Synthesis Settings -> More Settings" to "Off".


+---------------------------------------------------------------------------------+
; Parameter Settings for User Entity Instance: FluxoDeDados:FD|mux32:muxDepoisULA ;
+----------------+-------+--------------------------------------------------------+
; Parameter Name ; Value ; Type                                                   ;
+----------------+-------+--------------------------------------------------------+
; larguradados   ; 32    ; Signed Integer                                         ;
+----------------+-------+--------------------------------------------------------+
Note: In order to hide this table in the UI and the text report file, please set the "Show Parameter Settings in Synthesis Report" option in "Analysis and Synthesis Settings -> More Settings" to "Off".


+-----------------------------------------------------------------------------+
; Parameter Settings for User Entity Instance: FluxoDeDados:FD|add32:add4toPC ;
+----------------+-------+----------------------------------------------------+
; Parameter Name ; Value ; Type                                               ;
+----------------+-------+----------------------------------------------------+
; larguradados   ; 32    ; Signed Integer                                     ;
+----------------+-------+----------------------------------------------------+
Note: In order to hide this table in the UI and the text report file, please set the "Show Parameter Settings in Synthesis Report" option in "Analysis and Synthesis Settings -> More Settings" to "Off".


+--------------------------------------------------------------------------------------------+
; Parameter Settings for User Entity Instance: FluxoDeDados:FD|shifter2_32to32:shifter32to32 ;
+----------------+-------+-------------------------------------------------------------------+
; Parameter Name ; Value ; Type                                                              ;
+----------------+-------+-------------------------------------------------------------------+
; larguradados   ; 32    ; Signed Integer                                                    ;
+----------------+-------+-------------------------------------------------------------------+
Note: In order to hide this table in the UI and the text report file, please set the "Show Parameter Settings in Synthesis Report" option in "Analysis and Synthesis Settings -> More Settings" to "Off".


+------------------------------------------------------------------------------------+
; Parameter Settings for User Entity Instance: FluxoDeDados:FD|add32:AddPC4andExtSin ;
+----------------+-------+-----------------------------------------------------------+
; Parameter Name ; Value ; Type                                                      ;
+----------------+-------+-----------------------------------------------------------+
; larguradados   ; 32    ; Signed Integer                                            ;
+----------------+-------+-----------------------------------------------------------+
Note: In order to hide this table in the UI and the text report file, please set the "Show Parameter Settings in Synthesis Report" option in "Analysis and Synthesis Settings -> More Settings" to "Off".


+---------------------------------------------------------------------------+
; Parameter Settings for User Entity Instance: FluxoDeDados:FD|mux32:MuxBEQ ;
+----------------+-------+--------------------------------------------------+
; Parameter Name ; Value ; Type                                             ;
+----------------+-------+--------------------------------------------------+
; larguradados   ; 32    ; Signed Integer                                   ;
+----------------+-------+--------------------------------------------------+
Note: In order to hide this table in the UI and the text report file, please set the "Show Parameter Settings in Synthesis Report" option in "Analysis and Synthesis Settings -> More Settings" to "Off".


+------------------------------------------------------------------------------+
; Parameter Settings for User Entity Instance: FluxoDeDados:FD|mux32:MuxProxPC ;
+----------------+-------+-----------------------------------------------------+
; Parameter Name ; Value ; Type                                                ;
+----------------+-------+-----------------------------------------------------+
; larguradados   ; 32    ; Signed Integer                                      ;
+----------------+-------+-----------------------------------------------------+
Note: In order to hide this table in the UI and the text report file, please set the "Show Parameter Settings in Synthesis Report" option in "Analysis and Synthesis Settings -> More Settings" to "Off".


+-----------------------------------------------------------------------------+
; Parameter Settings for User Entity Instance: registrador:registradosDisplay ;
+----------------+-------+----------------------------------------------------+
; Parameter Name ; Value ; Type                                               ;
+----------------+-------+----------------------------------------------------+
; larguradados   ; 32    ; Signed Integer                                     ;
+----------------+-------+----------------------------------------------------+
Note: In order to hide this table in the UI and the text report file, please set the "Show Parameter Settings in Synthesis Report" option in "Analysis and Synthesis Settings -> More Settings" to "Off".


+-------------------------------------------------------+
; Port Connectivity Checks: "conversorHex7Seg:display7" ;
+----------+-------+----------+-------------------------+
; Port     ; Type  ; Severity ; Details                 ;
+----------+-------+----------+-------------------------+
; apaga    ; Input ; Info     ; Stuck at GND            ;
; negativo ; Input ; Info     ; Stuck at GND            ;
; overflow ; Input ; Info     ; Stuck at GND            ;
+----------+-------+----------+-------------------------+


+-------------------------------------------------------+
; Port Connectivity Checks: "conversorHex7Seg:display6" ;
+----------+-------+----------+-------------------------+
; Port     ; Type  ; Severity ; Details                 ;
+----------+-------+----------+-------------------------+
; apaga    ; Input ; Info     ; Stuck at GND            ;
; negativo ; Input ; Info     ; Stuck at GND            ;
; overflow ; Input ; Info     ; Stuck at GND            ;
+----------+-------+----------+-------------------------+


+-------------------------------------------------------+
; Port Connectivity Checks: "conversorHex7Seg:display5" ;
+----------+-------+----------+-------------------------+
; Port     ; Type  ; Severity ; Details                 ;
+----------+-------+----------+-------------------------+
; negativo ; Input ; Info     ; Stuck at GND            ;
; overflow ; Input ; Info     ; Stuck at GND            ;
+----------+-------+----------+-------------------------+


+-------------------------------------------------------+
; Port Connectivity Checks: "conversorHex7Seg:display4" ;
+----------+-------+----------+-------------------------+
; Port     ; Type  ; Severity ; Details                 ;
+----------+-------+----------+-------------------------+
; negativo ; Input ; Info     ; Stuck at GND            ;
; overflow ; Input ; Info     ; Stuck at GND            ;
+----------+-------+----------+-------------------------+


+-------------------------------------------------------+
; Port Connectivity Checks: "conversorHex7Seg:display3" ;
+----------+-------+----------+-------------------------+
; Port     ; Type  ; Severity ; Details                 ;
+----------+-------+----------+-------------------------+
; negativo ; Input ; Info     ; Stuck at GND            ;
; overflow ; Input ; Info     ; Stuck at GND            ;
+----------+-------+----------+-------------------------+


+-------------------------------------------------------+
; Port Connectivity Checks: "conversorHex7Seg:display2" ;
+----------+-------+----------+-------------------------+
; Port     ; Type  ; Severity ; Details                 ;
+----------+-------+----------+-------------------------+
; negativo ; Input ; Info     ; Stuck at GND            ;
; overflow ; Input ; Info     ; Stuck at GND            ;
+----------+-------+----------+-------------------------+


+-------------------------------------------------------+
; Port Connectivity Checks: "conversorHex7Seg:display1" ;
+----------+-------+----------+-------------------------+
; Port     ; Type  ; Severity ; Details                 ;
+----------+-------+----------+-------------------------+
; negativo ; Input ; Info     ; Stuck at GND            ;
; overflow ; Input ; Info     ; Stuck at GND            ;
+----------+-------+----------+-------------------------+


+-------------------------------------------------------+
; Port Connectivity Checks: "conversorHex7Seg:display0" ;
+----------+-------+----------+-------------------------+
; Port     ; Type  ; Severity ; Details                 ;
+----------+-------+----------+-------------------------+
; negativo ; Input ; Info     ; Stuck at GND            ;
; overflow ; Input ; Info     ; Stuck at GND            ;
+----------+-------+----------+-------------------------+


+------------------------------------------------------------------------------------------------------------------------+
; Port Connectivity Checks: "registrador:registradosDisplay"                                                             ;
+--------------+--------+----------+-------------------------------------------------------------------------------------+
; Port         ; Type   ; Severity ; Details                                                                             ;
+--------------+--------+----------+-------------------------------------------------------------------------------------+
; dout[31..24] ; Output ; Info     ; Connected to dangling logic. Logic that only feeds a dangling port will be removed. ;
; rst          ; Input  ; Info     ; Stuck at GND                                                                        ;
+--------------+--------+----------+-------------------------------------------------------------------------------------+


+------------------------------------------------------------+
; Port Connectivity Checks: "FluxoDeDados:FD|add32:add4toPC" ;
+----------+-------+----------+------------------------------+
; Port     ; Type  ; Severity ; Details                      ;
+----------+-------+----------+------------------------------+
; b[31..3] ; Input ; Info     ; Stuck at GND                 ;
; b[1..0]  ; Input ; Info     ; Stuck at GND                 ;
; b[2]     ; Input ; Info     ; Stuck at VCC                 ;
+----------+-------+----------+------------------------------+


+-------------------------------------------------------------------+
; Port Connectivity Checks: "FluxoDeDados:FD|ULA:ALU|mux32_4:opmux" ;
+----------+-------+----------+-------------------------------------+
; Port     ; Type  ; Severity ; Details                             ;
+----------+-------+----------+-------------------------------------+
; d[31..1] ; Input ; Info     ; Stuck at GND                        ;
+----------+-------+----------+-------------------------------------+


+------------------------------------------------------------+
; Port Connectivity Checks: "FluxoDeDados:FD|registrador:PC" ;
+--------+-------+----------+--------------------------------+
; Port   ; Type  ; Severity ; Details                        ;
+--------+-------+----------+--------------------------------+
; enable ; Input ; Info     ; Stuck at VCC                   ;
+--------+-------+----------+--------------------------------+


+----------------------------------------------------------------------------------------------------------------------------------+
; Port Connectivity Checks: "FluxoDeDados:FD"                                                                                      ;
+------------------------+--------+----------+-------------------------------------------------------------------------------------+
; Port                   ; Type   ; Severity ; Details                                                                             ;
+------------------------+--------+----------+-------------------------------------------------------------------------------------+
; enderecodisplay[31..5] ; Input  ; Info     ; Stuck at GND                                                                        ;
; enderecodisplay[3..0]  ; Input  ; Info     ; Stuck at GND                                                                        ;
; enderecodisplay[4]     ; Input  ; Info     ; Stuck at VCC                                                                        ;
; a[31..8]               ; Output ; Info     ; Connected to dangling logic. Logic that only feeds a dangling port will be removed. ;
; m                      ; Output ; Info     ; Connected to dangling logic. Logic that only feeds a dangling port will be removed. ;
; n                      ; Output ; Info     ; Connected to dangling logic. Logic that only feeds a dangling port will be removed. ;
; o                      ; Output ; Info     ; Connected to dangling logic. Logic that only feeds a dangling port will be removed. ;
; q                      ; Output ; Info     ; Connected to dangling logic. Logic that only feeds a dangling port will be removed. ;
; r                      ; Output ; Info     ; Connected to dangling logic. Logic that only feeds a dangling port will be removed. ;
; s                      ; Output ; Info     ; Connected to dangling logic. Logic that only feeds a dangling port will be removed. ;
; v                      ; Output ; Info     ; Connected to dangling logic. Logic that only feeds a dangling port will be removed. ;
; w                      ; Output ; Info     ; Connected to dangling logic. Logic that only feeds a dangling port will be removed. ;
; g                      ; Output ; Info     ; Connected to dangling logic. Logic that only feeds a dangling port will be removed. ;
; c                      ; Output ; Info     ; Connected to dangling logic. Logic that only feeds a dangling port will be removed. ;
; y                      ; Output ; Info     ; Connected to dangling logic. Logic that only feeds a dangling port will be removed. ;
; u                      ; Output ; Info     ; Connected to dangling logic. Logic that only feeds a dangling port will be removed. ;
+------------------------+--------+----------+-------------------------------------------------------------------------------------+


+------------------------------------------------------------------------------------------------------------------------+
; Port Connectivity Checks: "debounce:BTN_CLK"                                                                           ;
+--------------+--------+----------+-------------------------------------------------------------------------------------+
; Port         ; Type   ; Severity ; Details                                                                             ;
+--------------+--------+----------+-------------------------------------------------------------------------------------+
; output[3..1] ; Output ; Info     ; Connected to dangling logic. Logic that only feeds a dangling port will be removed. ;
+--------------+--------+----------+-------------------------------------------------------------------------------------+


+------------------------------------------------------------------------------------------------------------------------+
; Port Connectivity Checks: "debounce:BTN_RST"                                                                           ;
+--------------+--------+----------+-------------------------------------------------------------------------------------+
; Port         ; Type   ; Severity ; Details                                                                             ;
+--------------+--------+----------+-------------------------------------------------------------------------------------+
; output[3..1] ; Output ; Info     ; Connected to dangling logic. Logic that only feeds a dangling port will be removed. ;
+--------------+--------+----------+-------------------------------------------------------------------------------------+


+-----------------------------------------------------+
; Post-Synthesis Netlist Statistics for Top Partition ;
+-----------------------+-----------------------------+
; Type                  ; Count                       ;
+-----------------------+-----------------------------+
; boundary_port         ; 194                         ;
; cycloneiii_ff         ; 2132                        ;
;     CLR               ; 52                          ;
;     CLR SLD           ; 6                           ;
;     ENA               ; 2074                        ;
; cycloneiii_lcell_comb ; 2308                        ;
;     arith             ; 122                         ;
;         2 data inputs ; 55                          ;
;         3 data inputs ; 67                          ;
;     normal            ; 2186                        ;
;         0 data inputs ; 1                           ;
;         1 data inputs ; 26                          ;
;         2 data inputs ; 124                         ;
;         3 data inputs ; 59                          ;
;         4 data inputs ; 1976                        ;
;                       ;                             ;
; Max LUT depth         ; 17.50                       ;
; Average LUT depth     ; 11.09                       ;
+-----------------------+-----------------------------+


+-------------------------------+
; Elapsed Time Per Partition    ;
+----------------+--------------+
; Partition Name ; Elapsed Time ;
+----------------+--------------+
; Top            ; 00:00:04     ;
+----------------+--------------+


+-------------------------------+
; Analysis & Synthesis Messages ;
+-------------------------------+
Info: *******************************************************************
Info: Running Quartus Prime Analysis & Synthesis
    Info: Version 17.0.0 Build 595 04/25/2017 SJ Lite Edition
    Info: Processing started: Fri Nov 24 20:45:42 2017
Info: Command: quartus_map --read_settings_files=on --write_settings_files=off MIPS_QuartusPrimeProject -c MIPS_QuartusPrimeProject
Warning (18236): Number of processors has not been specified which may cause overloading on shared machines.  Set the global assignment NUM_PARALLEL_PROCESSORS in your QSF to an appropriate value for best performance.
Info (20030): Parallel compilation is enabled and will use 7 of the 7 processors detected
Info (12021): Found 2 design units, including 1 entities, in source file registrador32.vhd
    Info (12022): Found design unit 1: registrador-comportamento File: /home/parallels/Documents/MIPS/registrador32.vhd Line: 16
    Info (12023): Found entity 1: registrador File: /home/parallels/Documents/MIPS/registrador32.vhd Line: 4
Info (12021): Found 2 design units, including 1 entities, in source file mux32.vhd
    Info (12022): Found design unit 1: mux32-Behavioral File: /home/parallels/Documents/MIPS/mux32.vhd Line: 14
    Info (12023): Found entity 1: mux32 File: /home/parallels/Documents/MIPS/mux32.vhd Line: 4
Info (12021): Found 2 design units, including 1 entities, in source file mux5.vhd
    Info (12022): Found design unit 1: mux5-Behavioral File: /home/parallels/Documents/MIPS/mux5.vhd Line: 14
    Info (12023): Found entity 1: mux5 File: /home/parallels/Documents/MIPS/mux5.vhd Line: 4
Info (12021): Found 2 design units, including 1 entities, in source file add32.vhd
    Info (12022): Found design unit 1: add32-Behavioral File: /home/parallels/Documents/MIPS/add32.vhd Line: 15
    Info (12023): Found entity 1: add32 File: /home/parallels/Documents/MIPS/add32.vhd Line: 6
Info (12021): Found 2 design units, including 1 entities, in source file ext16to32.vhd
    Info (12022): Found design unit 1: ext16to32-Behavioral File: /home/parallels/Documents/MIPS/ext16to32.vhd Line: 10
    Info (12023): Found entity 1: ext16to32 File: /home/parallels/Documents/MIPS/ext16to32.vhd Line: 5
Info (12021): Found 2 design units, including 1 entities, in source file shifter2_32to32.vhd
    Info (12022): Found design unit 1: shifter2_32to32-bhv File: /home/parallels/Documents/MIPS/shifter2_32to32.vhd Line: 13
    Info (12023): Found entity 1: shifter2_32to32 File: /home/parallels/Documents/MIPS/shifter2_32to32.vhd Line: 5
Info (12021): Found 2 design units, including 1 entities, in source file shifter2_26to32.vhd
    Info (12022): Found design unit 1: shifter2_26to32-bhv File: /home/parallels/Documents/MIPS/shifter2_26to32.vhd Line: 11
    Info (12023): Found entity 1: shifter2_26to32 File: /home/parallels/Documents/MIPS/shifter2_26to32.vhd Line: 5
Info (12021): Found 2 design units, including 1 entities, in source file registerBank32.vhd
    Info (12022): Found design unit 1: registerBank32-behavioral File: /home/parallels/Documents/MIPS/registerBank32.vhd Line: 19
    Info (12023): Found entity 1: registerBank32 File: /home/parallels/Documents/MIPS/registerBank32.vhd Line: 5
Info (12021): Found 2 design units, including 1 entities, in source file nor32.vhd
    Info (12022): Found design unit 1: nor32-behavior File: /home/parallels/Documents/MIPS/nor32.vhd Line: 10
    Info (12023): Found entity 1: nor32 File: /home/parallels/Documents/MIPS/nor32.vhd Line: 5
Info (12021): Found 2 design units, including 1 entities, in source file and32.vhd
    Info (12022): Found design unit 1: and32-Behavioral File: /home/parallels/Documents/MIPS/and32.vhd Line: 13
    Info (12023): Found entity 1: and32 File: /home/parallels/Documents/MIPS/and32.vhd Line: 4
Info (12021): Found 2 design units, including 1 entities, in source file or32.vhd
    Info (12022): Found design unit 1: or32-Behavioral File: /home/parallels/Documents/MIPS/or32.vhd Line: 13
    Info (12023): Found entity 1: or32 File: /home/parallels/Documents/MIPS/or32.vhd Line: 4
Info (12021): Found 2 design units, including 1 entities, in source file mux32_4.vhd
    Info (12022): Found design unit 1: mux32_4-Behavioral File: /home/parallels/Documents/MIPS/mux32_4.vhd Line: 16
    Info (12023): Found entity 1: mux32_4 File: /home/parallels/Documents/MIPS/mux32_4.vhd Line: 4
Info (12021): Found 2 design units, including 1 entities, in source file overflow.vhd
    Info (12022): Found design unit 1: overflow-Behavioral File: /home/parallels/Documents/MIPS/overflow.vhd Line: 14
    Info (12023): Found entity 1: overflow File: /home/parallels/Documents/MIPS/overflow.vhd Line: 4
Info (12021): Found 2 design units, including 1 entities, in source file ULA.vhd
    Info (12022): Found design unit 1: ULA-comportamento File: /home/parallels/Documents/MIPS/ULA.vhd Line: 17
    Info (12023): Found entity 1: ULA File: /home/parallels/Documents/MIPS/ULA.vhd Line: 6
Info (12021): Found 2 design units, including 1 entities, in source file andoverf.vhd
    Info (12022): Found design unit 1: andoverf-Behavioral File: /home/parallels/Documents/MIPS/andoverf.vhd Line: 12
    Info (12023): Found entity 1: andoverf File: /home/parallels/Documents/MIPS/andoverf.vhd Line: 4
Info (12021): Found 2 design units, including 1 entities, in source file ALUControl.vhd
    Info (12022): Found design unit 1: ALUControl-bhv File: /home/parallels/Documents/MIPS/ALUControl.vhd Line: 10
    Info (12023): Found entity 1: ALUControl File: /home/parallels/Documents/MIPS/ALUControl.vhd Line: 4
Info (12021): Found 2 design units, including 1 entities, in source file instructionMemory.vhd
    Info (12022): Found design unit 1: InstructionMemory-Behavioral File: /home/parallels/Documents/MIPS/instructionMemory.vhd Line: 11
    Info (12023): Found entity 1: InstructionMemory File: /home/parallels/Documents/MIPS/instructionMemory.vhd Line: 5
Info (12021): Found 2 design units, including 1 entities, in source file dataMemory.vhd
    Info (12022): Found design unit 1: memory-behavioral File: /home/parallels/Documents/MIPS/dataMemory.vhd Line: 14
    Info (12023): Found entity 1: memory File: /home/parallels/Documents/MIPS/dataMemory.vhd Line: 5
Info (12021): Found 2 design units, including 1 entities, in source file FluxoDeDados.vhd
    Info (12022): Found design unit 1: FluxoDeDados-fluxo File: /home/parallels/Documents/MIPS/FluxoDeDados.vhd Line: 42
    Info (12023): Found entity 1: FluxoDeDados File: /home/parallels/Documents/MIPS/FluxoDeDados.vhd Line: 5
Info (12021): Found 2 design units, including 1 entities, in source file inversor32.vhd
    Info (12022): Found design unit 1: inversor32-Behavioral File: /home/parallels/Documents/MIPS/inversor32.vhd Line: 15
    Info (12023): Found entity 1: inversor32 File: /home/parallels/Documents/MIPS/inversor32.vhd Line: 7
Info (12021): Found 2 design units, including 1 entities, in source file UnidadeDeControle.vhd
    Info (12022): Found design unit 1: UnidadeDeControle-bhv File: /home/parallels/Documents/MIPS/UnidadeDeControle.vhd Line: 11
    Info (12023): Found entity 1: UnidadeDeControle File: /home/parallels/Documents/MIPS/UnidadeDeControle.vhd Line: 4
Info (12021): Found 2 design units, including 1 entities, in source file xor32.vhd
    Info (12022): Found design unit 1: xor32-Behavioral File: /home/parallels/Documents/MIPS/xor32.vhd Line: 11
    Info (12023): Found entity 1: xor32 File: /home/parallels/Documents/MIPS/xor32.vhd Line: 4
Info (12021): Found 2 design units, including 1 entities, in source file debounce.vhd
    Info (12022): Found design unit 1: debounce-Behavioral File: /home/parallels/Documents/MIPS/debounce.vhd Line: 14
    Info (12023): Found entity 1: debounce File: /home/parallels/Documents/MIPS/debounce.vhd Line: 6
Info (12021): Found 2 design units, including 1 entities, in source file conversorHex7Seg.vhd
    Info (12022): Found design unit 1: conversorHex7Seg-comportamento File: /home/parallels/Documents/MIPS/conversorHex7Seg.vhd Line: 18
    Info (12023): Found entity 1: conversorHex7Seg File: /home/parallels/Documents/MIPS/conversorHex7Seg.vhd Line: 5
Info (12021): Found 2 design units, including 1 entities, in source file MIPS.vhd
    Info (12022): Found design unit 1: MIPS-bhv File: /home/parallels/Documents/MIPS/MIPS.vhd Line: 25
    Info (12023): Found entity 1: MIPS File: /home/parallels/Documents/MIPS/MIPS.vhd Line: 4
Info (12127): Elaborating entity "MIPS" for the top level hierarchy
Info (12128): Elaborating entity "debounce" for hierarchy "debounce:BTN_RST" File: /home/parallels/Documents/MIPS/MIPS.vhd Line: 35
Info (12128): Elaborating entity "UnidadeDeControle" for hierarchy "UnidadeDeControle:UC" File: /home/parallels/Documents/MIPS/MIPS.vhd Line: 43
Info (12128): Elaborating entity "FluxoDeDados" for hierarchy "FluxoDeDados:FD" File: /home/parallels/Documents/MIPS/MIPS.vhd Line: 46
Info (12128): Elaborating entity "registrador" for hierarchy "FluxoDeDados:FD|registrador:PC" File: /home/parallels/Documents/MIPS/FluxoDeDados.vhd Line: 50
Info (12128): Elaborating entity "InstructionMemory" for hierarchy "FluxoDeDados:FD|InstructionMemory:Mem_Inst" File: /home/parallels/Documents/MIPS/FluxoDeDados.vhd Line: 56
Info (12128): Elaborating entity "mux5" for hierarchy "FluxoDeDados:FD|mux5:muxRt_Rd" File: /home/parallels/Documents/MIPS/FluxoDeDados.vhd Line: 62
Info (12128): Elaborating entity "registerBank32" for hierarchy "FluxoDeDados:FD|registerBank32:Banco_Regis" File: /home/parallels/Documents/MIPS/FluxoDeDados.vhd Line: 70
Warning (10492): VHDL Process Statement warning at registerBank32.vhd(65): signal "EndReg1" is read inside the Process Statement but isn't in the Process Statement's sensitivity list File: /home/parallels/Documents/MIPS/registerBank32.vhd Line: 65
Warning (10492): VHDL Process Statement warning at registerBank32.vhd(66): signal "registers" is read inside the Process Statement but isn't in the Process Statement's sensitivity list File: /home/parallels/Documents/MIPS/registerBank32.vhd Line: 66
Warning (10492): VHDL Process Statement warning at registerBank32.vhd(66): signal "EndReg1" is read inside the Process Statement but isn't in the Process Statement's sensitivity list File: /home/parallels/Documents/MIPS/registerBank32.vhd Line: 66
Warning (10492): VHDL Process Statement warning at registerBank32.vhd(71): signal "EndReg2" is read inside the Process Statement but isn't in the Process Statement's sensitivity list File: /home/parallels/Documents/MIPS/registerBank32.vhd Line: 71
Warning (10492): VHDL Process Statement warning at registerBank32.vhd(72): signal "registers" is read inside the Process Statement but isn't in the Process Statement's sensitivity list File: /home/parallels/Documents/MIPS/registerBank32.vhd Line: 72
Warning (10492): VHDL Process Statement warning at registerBank32.vhd(72): signal "EndReg2" is read inside the Process Statement but isn't in the Process Statement's sensitivity list File: /home/parallels/Documents/MIPS/registerBank32.vhd Line: 72
Info (12128): Elaborating entity "ext16to32" for hierarchy "FluxoDeDados:FD|ext16to32:Esten_Sinal" File: /home/parallels/Documents/MIPS/FluxoDeDados.vhd Line: 91
Info (12128): Elaborating entity "mux32" for hierarchy "FluxoDeDados:FD|mux32:muxAntesULA" File: /home/parallels/Documents/MIPS/FluxoDeDados.vhd Line: 97
Info (12128): Elaborating entity "ALUControl" for hierarchy "FluxoDeDados:FD|ALUControl:UC_ULA" File: /home/parallels/Documents/MIPS/FluxoDeDados.vhd Line: 105
Info (12128): Elaborating entity "ULA" for hierarchy "FluxoDeDados:FD|ULA:ALU" File: /home/parallels/Documents/MIPS/FluxoDeDados.vhd Line: 111
Info (12128): Elaborating entity "inversor32" for hierarchy "FluxoDeDados:FD|ULA:ALU|inversor32:Anot" File: /home/parallels/Documents/MIPS/ULA.vhd Line: 21
Info (12128): Elaborating entity "and32" for hierarchy "FluxoDeDados:FD|ULA:ALU|and32:andop" File: /home/parallels/Documents/MIPS/ULA.vhd Line: 33
Info (12128): Elaborating entity "or32" for hierarchy "FluxoDeDados:FD|ULA:ALU|or32:orop" File: /home/parallels/Documents/MIPS/ULA.vhd Line: 36
Info (12128): Elaborating entity "overflow" for hierarchy "FluxoDeDados:FD|ULA:ALU|overflow:overf" File: /home/parallels/Documents/MIPS/ULA.vhd Line: 41
Info (12128): Elaborating entity "andoverf" for hierarchy "FluxoDeDados:FD|ULA:ALU|overflow:overf|andoverf:and3_1" File: /home/parallels/Documents/MIPS/overflow.vhd Line: 17
Info (12128): Elaborating entity "mux32_4" for hierarchy "FluxoDeDados:FD|ULA:ALU|mux32_4:opmux" File: /home/parallels/Documents/MIPS/ULA.vhd Line: 53
Info (12128): Elaborating entity "nor32" for hierarchy "FluxoDeDados:FD|ULA:ALU|nor32:norZero" File: /home/parallels/Documents/MIPS/ULA.vhd Line: 58
Info (12128): Elaborating entity "memory" for hierarchy "FluxoDeDados:FD|memory:Mem_dados" File: /home/parallels/Documents/MIPS/FluxoDeDados.vhd Line: 120
Info (12128): Elaborating entity "xor32" for hierarchy "FluxoDeDados:FD|xor32:comparadorDisplay" File: /home/parallels/Documents/MIPS/FluxoDeDados.vhd Line: 133
Info (12128): Elaborating entity "add32" for hierarchy "FluxoDeDados:FD|add32:add4toPC" File: /home/parallels/Documents/MIPS/FluxoDeDados.vhd Line: 147
Info (12128): Elaborating entity "shifter2_26to32" for hierarchy "FluxoDeDados:FD|shifter2_26to32:shifter26to32" File: /home/parallels/Documents/MIPS/FluxoDeDados.vhd Line: 152
Info (12128): Elaborating entity "shifter2_32to32" for hierarchy "FluxoDeDados:FD|shifter2_32to32:shifter32to32" File: /home/parallels/Documents/MIPS/FluxoDeDados.vhd Line: 162
Info (12128): Elaborating entity "conversorHex7Seg" for hierarchy "conversorHex7Seg:display0" File: /home/parallels/Documents/MIPS/MIPS.vhd Line: 72
Info (276014): Found 2 instances of uninferred RAM logic
    Info (276007): RAM logic "FluxoDeDados:FD|registerBank32:Banco_Regis|registers" is uninferred due to asynchronous read logic File: /home/parallels/Documents/MIPS/registerBank32.vhd Line: 22
    Info (276007): RAM logic "FluxoDeDados:FD|memory:Mem_dados|Memoria" is uninferred due to asynchronous read logic File: /home/parallels/Documents/MIPS/dataMemory.vhd Line: 18
Warning (13024): Output pins are stuck at VCC or GND
    Warning (13410): Pin "LEDR[10]" is stuck at GND File: /home/parallels/Documents/MIPS/MIPS.vhd Line: 13
    Warning (13410): Pin "LEDR[11]" is stuck at GND File: /home/parallels/Documents/MIPS/MIPS.vhd Line: 13
    Warning (13410): Pin "LEDR[12]" is stuck at GND File: /home/parallels/Documents/MIPS/MIPS.vhd Line: 13
    Warning (13410): Pin "LEDR[13]" is stuck at GND File: /home/parallels/Documents/MIPS/MIPS.vhd Line: 13
    Warning (13410): Pin "LEDR[14]" is stuck at GND File: /home/parallels/Documents/MIPS/MIPS.vhd Line: 13
    Warning (13410): Pin "LEDR[15]" is stuck at GND File: /home/parallels/Documents/MIPS/MIPS.vhd Line: 13
    Warning (13410): Pin "LEDR[16]" is stuck at GND File: /home/parallels/Documents/MIPS/MIPS.vhd Line: 13
    Warning (13410): Pin "LEDR[17]" is stuck at GND File: /home/parallels/Documents/MIPS/MIPS.vhd Line: 13
    Warning (13410): Pin "LEDG[4]" is stuck at GND File: /home/parallels/Documents/MIPS/MIPS.vhd Line: 14
    Warning (13410): Pin "LEDG[6]" is stuck at GND File: /home/parallels/Documents/MIPS/MIPS.vhd Line: 14
    Warning (13410): Pin "LEDG[8]" is stuck at GND File: /home/parallels/Documents/MIPS/MIPS.vhd Line: 14
    Warning (13410): Pin "HEX6[5]" is stuck at GND File: /home/parallels/Documents/MIPS/MIPS.vhd Line: 15
    Warning (13410): Pin "enderecoReg1Test[2]" is stuck at GND File: /home/parallels/Documents/MIPS/MIPS.vhd Line: 17
    Warning (13410): Pin "instrucaoTest[7]" is stuck at GND File: /home/parallels/Documents/MIPS/MIPS.vhd Line: 19
    Warning (13410): Pin "instrucaoTest[8]" is stuck at GND File: /home/parallels/Documents/MIPS/MIPS.vhd Line: 19
    Warning (13410): Pin "instrucaoTest[9]" is stuck at GND File: /home/parallels/Documents/MIPS/MIPS.vhd Line: 19
    Warning (13410): Pin "instrucaoTest[10]" is stuck at GND File: /home/parallels/Documents/MIPS/MIPS.vhd Line: 19
    Warning (13410): Pin "instrucaoTest[15]" is stuck at GND File: /home/parallels/Documents/MIPS/MIPS.vhd Line: 19
    Warning (13410): Pin "instrucaoTest[23]" is stuck at GND File: /home/parallels/Documents/MIPS/MIPS.vhd Line: 19
    Warning (13410): Pin "instrucaoTest[30]" is stuck at GND File: /home/parallels/Documents/MIPS/MIPS.vhd Line: 19
Info (286030): Timing-Driven Synthesis is running
Info (17049): 24 registers lost all their fanouts during netlist optimizations.
Info (16010): Generating hard_block partition "hard_block:auto_generated_inst"
    Info (16011): Adding 0 node(s), including 0 DDIO, 0 PLL, 0 transceiver and 0 LCELL
Warning (21074): Design contains 2 input pin(s) that do not drive logic
    Warning (15610): No output dependent on input pin "KEY[2]" File: /home/parallels/Documents/MIPS/MIPS.vhd Line: 9
    Warning (15610): No output dependent on input pin "KEY[3]" File: /home/parallels/Documents/MIPS/MIPS.vhd Line: 9
Info (21057): Implemented 4550 device resources after synthesis - the final resource count might be different
    Info (21058): Implemented 5 input pins
    Info (21059): Implemented 189 output pins
    Info (21061): Implemented 4356 logic cells
Info: Quartus Prime Analysis & Synthesis was successful. 0 errors, 31 warnings
    Info: Peak virtual memory: 1028 megabytes
    Info: Processing ended: Fri Nov 24 20:45:56 2017
    Info: Elapsed time: 00:00:14
    Info: Total CPU time (on all processors): 00:00:26


