Flow report for MIPS_QuartusPrimeProject
Fri Nov 24 16:13:55 2017
Quartus Prime Version 17.0.0 Build 595 04/25/2017 SJ Lite Edition


---------------------
; Table of Contents ;
---------------------
  1. Legal Notice
  2. Flow Summary
  3. Flow Settings
  4. Flow Non-Default Global Settings
  5. Flow Elapsed Time
  6. Flow OS Summary
  7. Flow Log
  8. Flow Messages
  9. Flow Suppressed Messages



----------------
; Legal Notice ;
----------------
Copyright (C) 2017  Intel Corporation. All rights reserved.
Your use of Intel Corporation's design tools, logic functions 
and other software and tools, and its AMPP partner logic 
functions, and any output files from any of the foregoing 
(including device programming or simulation files), and any 
associated documentation or information are expressly subject 
to the terms and conditions of the Intel Program License 
Subscription Agreement, the Intel Quartus Prime License Agreement,
the Intel MegaCore Function License Agreement, or other 
applicable license agreement, including, without limitation, 
that your use is for the sole purpose of programming logic 
devices manufactured by Intel and sold by Intel or its 
authorized distributors.  Please refer to the applicable 
agreement for further details.



+----------------------------------------------------------------------------------+
; Flow Summary                                                                     ;
+------------------------------------+---------------------------------------------+
; Flow Status                        ; Successful - Fri Nov 24 16:13:55 2017       ;
; Quartus Prime Version              ; 17.0.0 Build 595 04/25/2017 SJ Lite Edition ;
; Revision Name                      ; MIPS_QuartusPrimeProject                    ;
; Top-level Entity Name              ; MIPS                                        ;
; Family                             ; Cyclone IV E                                ;
; Device                             ; EP4CE115F29C7                               ;
; Timing Models                      ; Final                                       ;
; Total logic elements               ; 358 / 114,480 ( < 1 % )                     ;
;     Total combinational functions  ; 345 / 114,480 ( < 1 % )                     ;
;     Dedicated logic registers      ; 116 / 114,480 ( < 1 % )                     ;
; Total registers                    ; 117                                         ;
; Total pins                         ; 176 / 529 ( 33 % )                          ;
; Total virtual pins                 ; 0                                           ;
; Total memory bits                  ; 0 / 3,981,312 ( 0 % )                       ;
; Embedded Multiplier 9-bit elements ; 0 / 532 ( 0 % )                             ;
; Total PLLs                         ; 0 / 4 ( 0 % )                               ;
+------------------------------------+---------------------------------------------+


+----------------------------------------------+
; Flow Settings                                ;
+-------------------+--------------------------+
; Option            ; Setting                  ;
+-------------------+--------------------------+
; Start date & time ; 11/24/2017 16:11:43      ;
; Main task         ; Compilation              ;
; Revision Name     ; MIPS_QuartusPrimeProject ;
+-------------------+--------------------------+


+----------------------------------------------------------------------------------------------------------------------------------------+
; Flow Non-Default Global Settings                                                                                                       ;
+-------------------------------------+----------------------------------------+--------------------------+-------------+----------------+
; Assignment Name                     ; Value                                  ; Default Value            ; Entity Name ; Section Id     ;
+-------------------------------------+----------------------------------------+--------------------------+-------------+----------------+
; COMPILER_SIGNATURE_ID               ; 121372684813.151154710312972           ; --                       ; --          ; --             ;
; EDA_OUTPUT_DATA_FORMAT              ; Verilog Hdl                            ; --                       ; --          ; eda_simulation ;
; EDA_SIMULATION_TOOL                 ; ModelSim-Altera (Verilog)              ; <None>                   ; --          ; --             ;
; EDA_TIME_SCALE                      ; 1 ps                                   ; --                       ; --          ; eda_simulation ;
; MAX_CORE_JUNCTION_TEMP              ; 85                                     ; --                       ; --          ; --             ;
; MIN_CORE_JUNCTION_TEMP              ; 0                                      ; --                       ; --          ; --             ;
; NOMINAL_CORE_SUPPLY_VOLTAGE         ; 1.2V                                   ; --                       ; --          ; --             ;
; PARTITION_COLOR                     ; -- (Not supported for targeted family) ; --                       ; MIPS        ; Top            ;
; PARTITION_FITTER_PRESERVATION_LEVEL ; -- (Not supported for targeted family) ; --                       ; MIPS        ; Top            ;
; PARTITION_NETLIST_TYPE              ; -- (Not supported for targeted family) ; --                       ; MIPS        ; Top            ;
; PROJECT_OUTPUT_DIRECTORY            ; output_files                           ; --                       ; --          ; --             ;
; TOP_LEVEL_ENTITY                    ; MIPS                                   ; MIPS_QuartusPrimeProject ; --          ; --             ;
+-------------------------------------+----------------------------------------+--------------------------+-------------+----------------+


+-------------------------------------------------------------------------------------------------------------------------------+
; Flow Elapsed Time                                                                                                             ;
+---------------------------+--------------+-------------------------+---------------------+------------------------------------+
; Module Name               ; Elapsed Time ; Average Processors Used ; Peak Virtual Memory ; Total CPU Time (on all processors) ;
+---------------------------+--------------+-------------------------+---------------------+------------------------------------+
; Analysis & Synthesis      ; 00:00:20     ; 1.0                     ; 969 MB              ; 00:00:28                           ;
; Fitter                    ; 00:00:28     ; 1.0                     ; 1347 MB             ; 00:00:37                           ;
; Assembler                 ; 00:00:06     ; 1.0                     ; 821 MB              ; 00:00:06                           ;
; TimeQuest Timing Analyzer ; 00:00:03     ; 1.0                     ; 889 MB              ; 00:00:03                           ;
; EDA Netlist Writer        ; 00:00:01     ; 1.0                     ; 1067 MB             ; 00:00:01                           ;
; EDA Netlist Writer        ; 00:00:00     ; 1.0                     ; 1049 MB             ; 00:00:00                           ;
; EDA Netlist Writer        ; 00:00:01     ; 1.0                     ; 1053 MB             ; 00:00:01                           ;
; EDA Netlist Writer        ; 00:00:01     ; 1.0                     ; 1049 MB             ; 00:00:01                           ;
; EDA Netlist Writer        ; 00:00:01     ; 1.0                     ; 1053 MB             ; 00:00:01                           ;
; Total                     ; 00:01:01     ; --                      ; --                  ; 00:01:18                           ;
+---------------------------+--------------+-------------------------+---------------------+------------------------------------+


+---------------------------------------------------------------------------------------------+
; Flow OS Summary                                                                             ;
+---------------------------+------------------+----------------+------------+----------------+
; Module Name               ; Machine Hostname ; OS Name        ; OS Version ; Processor type ;
+---------------------------+------------------+----------------+------------+----------------+
; Analysis & Synthesis      ; ubuntu           ; Ubuntu 16.04.3 ; 16         ; x86_64         ;
; Fitter                    ; ubuntu           ; Ubuntu 16.04.3 ; 16         ; x86_64         ;
; Assembler                 ; ubuntu           ; Ubuntu 16.04.3 ; 16         ; x86_64         ;
; TimeQuest Timing Analyzer ; ubuntu           ; Ubuntu 16.04.3 ; 16         ; x86_64         ;
; EDA Netlist Writer        ; ubuntu           ; Ubuntu 16.04.3 ; 16         ; x86_64         ;
; EDA Netlist Writer        ; ubuntu           ; Ubuntu 16.04.3 ; 16         ; x86_64         ;
; EDA Netlist Writer        ; ubuntu           ; Ubuntu 16.04.3 ; 16         ; x86_64         ;
; EDA Netlist Writer        ; ubuntu           ; Ubuntu 16.04.3 ; 16         ; x86_64         ;
; EDA Netlist Writer        ; ubuntu           ; Ubuntu 16.04.3 ; 16         ; x86_64         ;
+---------------------------+------------------+----------------+------------+----------------+


------------
; Flow Log ;
------------
quartus_map --read_settings_files=on --write_settings_files=off MIPS_QuartusPrimeProject -c MIPS_QuartusPrimeProject
quartus_fit --read_settings_files=off --write_settings_files=off MIPS_QuartusPrimeProject -c MIPS_QuartusPrimeProject
quartus_asm --read_settings_files=off --write_settings_files=off MIPS_QuartusPrimeProject -c MIPS_QuartusPrimeProject
quartus_sta MIPS_QuartusPrimeProject -c MIPS_QuartusPrimeProject
quartus_eda --read_settings_files=off --write_settings_files=off MIPS_QuartusPrimeProject -c MIPS_QuartusPrimeProject
quartus_eda --gen_testbench --tool=modelsim_oem --format=vhdl --write_settings_files=off MIPS_QuartusPrimeProject -c MIPS_QuartusPrimeProject --vector_source=/home/parallels/Documents/MIPS/Waveform.vwf --testbench_file=/home/parallels/Documents/MIPS/simulation/qsim/Waveform.vwf.vht
quartus_eda --write_settings_files=off --simulation=on --functional=on --flatten_buses=off --tool=modelsim_oem --format=vhdl --output_directory=/home/parallels/Documents/MIPS/simulation/qsim/ MIPS_QuartusPrimeProject -c MIPS_QuartusPrimeProject
quartus_eda --gen_testbench --tool=modelsim_oem --format=vhdl --write_settings_files=off MIPS_QuartusPrimeProject -c MIPS_QuartusPrimeProject --vector_source=/home/parallels/Documents/MIPS/Waveform.vwf --testbench_file=/home/parallels/Documents/MIPS/simulation/qsim/Waveform.vwf.vht
quartus_eda --write_settings_files=off --simulation=on --functional=on --flatten_buses=off --tool=modelsim_oem --format=vhdl --output_directory=/home/parallels/Documents/MIPS/simulation/qsim/ MIPS_QuartusPrimeProject -c MIPS_QuartusPrimeProject



